Watching for file changes with StatReloader
Waiting for apps ready_event.
Apps ready_event triggered. Sending autoreload_started signal.
Watching dir C:\Users\gaabs\Dropbox\e_learning_platform\skillup24\locale with glob **/*.mo.
Watching for file changes with StatReloader
Waiting for apps ready_event.
Apps ready_event triggered. Sending autoreload_started signal.
Watching dir C:\Users\gaabs\Dropbox\e_learning_platform\skillup24\locale with glob **/*.mo.
File C:\Users\gaabs\Dropbox\e_learning_platform\new_env\Lib\site-packages\django\contrib\contenttypes\management\__init__.py first seen with mtime 1722072389.7789016
File C:\Users\gaabs\Dropbox\e_learning_platform\new_env\Lib\site-packages\django\core\serializers\__init__.py first seen with mtime 1722072397.5961013
File C:\Users\gaabs\Dropbox\e_learning_platform\new_env\Lib\site-packages\django\core\checks\security\csrf.py first seen with mtime 1722072397.3589725
File C:\Users\gaabs\Dropbox\e_learning_platform\new_env\Lib\site-packages\django\contrib\sessions\__init__.py first seen with mtime 1722072395.1931467
File C:\Users\gaabs\Dropbox\e_learning_platform\new_env\Lib\site-packages\django\core\files\uploadhandler.py first seen with mtime 1722072397.389969
File C:\Users\gaabs\Dropbox\e_learning_platform\new_env\Lib\site-packages\django\db\migrations\__init__.py first seen with mtime 1722072397.8268032
File C:\Users\gaabs\Dropbox\e_learning_platform\new_env\Lib\site-packages\django\utils\translation\trans_real.py first seen with mtime 1722072398.8822017
File C:\Program Files\Python311\Lib\bisect.py first seen with mtime 1686106818.0
File C:\Users\gaabs\Dropbox\e_learning_platform\new_env\Lib\site-packages\django\utils\ipv6.py first seen with mtime 1722072398.7936294
File C:\Program Files\Python311\Lib\encodings\cp1252.py first seen with mtime 1686106818.0
File C:\Program Files\Python311\Lib\re\_compiler.py first seen with mtime 1686106818.0
File C:\Users\gaabs\Dropbox\e_learning_platform\new_env\Lib\site-packages\django\utils\http.py first seen with mtime 1722072398.787635
File C:\Program Files\Python311\Lib\uuid.py first seen with mtime 1686106818.0
File C:\Program Files\Python311\Lib\fnmatch.py first seen with mtime 1686106818.0
File C:\Users\gaabs\Dropbox\e_learning_platform\new_env\Lib\site-packages\django\db\models\functions\__init__.py first seen with mtime 1722072398.0590107
File C:\Program Files\Python311\Lib\html\parser.py first seen with mtime 1686106818.0
File C:\Users\gaabs\Dropbox\e_learning_platform\new_env\Lib\site-packages\django\middleware\cache.py first seen with mtime 1722072398.5149312
File C:\Users\gaabs\Dropbox\e_learning_platform\new_env\Lib\site-packages\django\db\models\fields\files.py first seen with mtime 1722072398.025447
File C:\Program Files\Python311\Lib\email\generator.py first seen with mtime 1686106818.0
File C:\Program Files\Python311\Lib\asyncio\coroutines.py first seen with mtime 1686106818.0
File C:\Users\gaabs\Dropbox\e_learning_platform\new_env\Lib\site-packages\django\views\generic\edit.py first seen with mtime 1722072398.9537811
File C:\Program Files\Python311\Lib\asyncio\__init__.py first seen with mtime 1686106818.0
File C:\Users\gaabs\Dropbox\e_learning_platform\new_env\Lib\site-packages\django\template\loader_tags.py first seen with mtime 1722072398.580475
File C:\Users\gaabs\Dropbox\e_learning_platform\new_env\Lib\site-packages\django\templatetags\cache.py first seen with mtime 1722072398.6390483
File C:\Users\gaabs\Dropbox\e_learning_platform\new_env\Lib\site-packages\django\db\backends\sqlite3\base.py first seen with mtime 1722072397.8022592
File C:\Users\gaabs\Dropbox\e_learning_platform\new_env\Lib\site-packages\sqlparse\tokens.py first seen with mtime 1722072377.9221919
File C:\Users\gaabs\Dropbox\e_learning_platform\new_env\Lib\site-packages\django\contrib\admin\__init__.py first seen with mtime 1722072383.1783836
File C:\Users\gaabs\Dropbox\e_learning_platform\new_env\Lib\site-packages\sqlparse\engine\filter_stack.py first seen with mtime 1722072377.9311953
File C:\Program Files\Python311\Lib\subprocess.py first seen with mtime 1686106818.0
File C:\Users\gaabs\Dropbox\e_learning_platform\new_env\Lib\site-packages\django\views\generic\dates.py first seen with mtime 1722072398.9477768
File C:\Users\gaabs\Dropbox\e_learning_platform\new_env\Lib\site-packages\django\core\handlers\wsgi.py first seen with mtime 1722072397.4315312
File C:\Users\gaabs\Dropbox\e_learning_platform\new_env\Lib\site-packages\django\contrib\messages\storage\__init__.py first seen with mtime 1722072393.2606087
File C:\Users\gaabs\Dropbox\e_learning_platform\new_env\Lib\site-packages\asgiref\current_thread_executor.py first seen with mtime 1722072379.6994376
File C:\Users\gaabs\Dropbox\e_learning_platform\new_env\Lib\site-packages\django\db\models\constraints.py first seen with mtime 1722072397.9524274
File C:\Users\gaabs\Dropbox\e_learning_platform\new_env\Lib\site-packages\django\contrib\auth\validators.py first seen with mtime 1722072387.82594
File C:\Program Files\Python311\Lib\asyncio\events.py first seen with mtime 1686106818.0
File C:\Users\gaabs\Dropbox\e_learning_platform\new_env\Lib\site-packages\django\db\models\options.py first seen with mtime 1722072397.9724216
File C:\Users\gaabs\Dropbox\e_learning_platform\new_env\Lib\site-packages\django\template\context.py first seen with mtime 1722072398.5524685
File C:\Program Files\Python311\Lib\typing.py first seen with mtime 1686106818.0
File C:\Program Files\Python311\Lib\threading.py first seen with mtime 1686106818.0
File C:\Users\gaabs\Dropbox\e_learning_platform\new_env\Lib\site-packages\django\views\generic\detail.py first seen with mtime 1722072398.9507775
File C:\Program Files\Python311\Lib\pprint.py first seen with mtime 1686106818.0
File C:\Users\gaabs\Dropbox\e_learning_platform\new_env\Lib\site-packages\django\contrib\auth\base_user.py first seen with mtime 1722072387.76636
File C:\Users\gaabs\Dropbox\e_learning_platform\new_env\Lib\site-packages\django\contrib\admin\views\autocomplete.py first seen with mtime 1722072386.5379684
File C:\Program Files\Python311\Lib\json\encoder.py first seen with mtime 1686106818.0
File C:\Users\gaabs\Dropbox\e_learning_platform\new_env\Lib\site-packages\django\apps\config.py first seen with mtime 1722072380.8377824
File C:\Program Files\Python311\Lib\lzma.py first seen with mtime 1686106818.0
File C:\Users\gaabs\Dropbox\e_learning_platform\new_env\Lib\site-packages\django\contrib\auth\backends.py first seen with mtime 1722072387.7643592
File C:\Program Files\Python311\DLLs\_lzma.pyd first seen with mtime 1686106894.0
File C:\Program Files\Python311\Lib\asyncio\streams.py first seen with mtime 1686106818.0
File C:\Program Files\Python311\Lib\email\mime\nonmultipart.py first seen with mtime 1686106818.0
File C:\Program Files\Python311\Lib\enum.py first seen with mtime 1686106818.0
File C:\Users\gaabs\Dropbox\e_learning_platform\new_env\Lib\site-packages\django\contrib\staticfiles\finders.py first seen with mtime 1722072397.1658125
File C:\Users\gaabs\Dropbox\e_learning_platform\new_env\Lib\site-packages\django\forms\formsets.py first seen with mtime 1722072398.1275544
File C:\Program Files\Python311\Lib\bz2.py first seen with mtime 1686106818.0
File C:\Users\gaabs\Dropbox\e_learning_platform\new_env\Lib\site-packages\django\templatetags\l10n.py first seen with mtime 1722072398.6440501
File C:\Users\gaabs\Dropbox\e_learning_platform\new_env\Lib\site-packages\sqlparse\__init__.py first seen with mtime 1722072377.726058
File C:\Program Files\Python311\Lib\asyncio\base_subprocess.py first seen with mtime 1686106818.0
File C:\Program Files\Python311\Lib\collections\__init__.py first seen with mtime 1686106818.0
File C:\Users\gaabs\Dropbox\e_learning_platform\new_env\Lib\site-packages\django\core\checks\security\__init__.py first seen with mtime 1722072397.3529646
File C:\Program Files\Python311\Lib\contextlib.py first seen with mtime 1686106818.0
File C:\Users\gaabs\Dropbox\e_learning_platform\new_env\Lib\site-packages\django\db\models\sql\datastructures.py first seen with mtime 1722072398.092008
File C:\Users\gaabs\Dropbox\e_learning_platform\new_env\Lib\site-packages\django\views\generic\base.py first seen with mtime 1722072398.9447837
File C:\Users\gaabs\Dropbox\e_learning_platform\new_env\Lib\site-packages\django\template\response.py first seen with mtime 1722072398.584474
File C:\Program Files\Python311\Lib\random.py first seen with mtime 1686106818.0
File C:\Users\gaabs\Dropbox\e_learning_platform\new_env\Lib\site-packages\django\db\__init__.py first seen with mtime 1722072397.6316943
File C:\Users\gaabs\Dropbox\e_learning_platform\new_env\Lib\site-packages\sqlparse\engine\statement_splitter.py first seen with mtime 1722072377.9371822
File C:\Program Files\Python311\Lib\email\mime\message.py first seen with mtime 1686106818.0
File C:\Program Files\Python311\Lib\traceback.py first seen with mtime 1686106818.0
File C:\Users\gaabs\Dropbox\e_learning_platform\new_env\Lib\site-packages\django\contrib\staticfiles\management\commands\runserver.py first seen with mtime 1722072397.1948159
File C:\Program Files\Python311\Lib\argparse.py first seen with mtime 1686106818.0
File C:\Users\gaabs\Dropbox\e_learning_platform\new_env\Lib\site-packages\django\contrib\staticfiles\handlers.py first seen with mtime 1722072397.1688156
File C:\Users\gaabs\Dropbox\e_learning_platform\new_env\Lib\site-packages\django\utils\log.py first seen with mtime 1722072398.8016343
File C:\Users\gaabs\Dropbox\e_learning_platform\new_env\Lib\site-packages\django\db\backends\__init__.py first seen with mtime 1722072397.6396952
File C:\Users\gaabs\Dropbox\e_learning_platform\new_env\Lib\site-packages\django\core\cache\backends\base.py first seen with mtime 1722072397.2663894
File C:\Users\gaabs\Dropbox\e_learning_platform\new_env\Lib\site-packages\django\contrib\admin\sites.py first seen with mtime 1722072383.2199414
File C:\Users\gaabs\Dropbox\e_learning_platform\new_env\Lib\site-packages\django\utils\itercompat.py first seen with mtime 1722072398.79663
File C:\Users\gaabs\Dropbox\e_learning_platform\new_env\Lib\site-packages\django\utils\html.py first seen with mtime 1722072398.78463
File C:\Program Files\Python311\Lib\asyncio\locks.py first seen with mtime 1686106818.0
File C:\Program Files\Python311\Lib\http\client.py first seen with mtime 1686106818.0
File C:\Users\gaabs\Dropbox\e_learning_platform\new_env\Lib\site-packages\django\utils\tree.py first seen with mtime 1722072398.854196
File C:\Program Files\Python311\Lib\http\__init__.py first seen with mtime 1686106818.0
File C:\Users\gaabs\Dropbox\e_learning_platform\new_env\Lib\site-packages\asgiref\__init__.py first seen with mtime 1722072379.6934085
File C:\Users\gaabs\Dropbox\e_learning_platform\new_env\Lib\site-packages\django\contrib\sessions\apps.py first seen with mtime 1722072395.1951451
File C:\Users\gaabs\Dropbox\e_learning_platform\new_env\Lib\site-packages\django\urls\__init__.py first seen with mtime 1722072398.6790512
File C:\Program Files\Python311\Lib\encodings\aliases.py first seen with mtime 1686106818.0
File C:\Users\gaabs\Dropbox\e_learning_platform\new_env\Lib\site-packages\django\template\loaders\app_directories.py first seen with mtime 1722072398.6094735
File C:\Users\gaabs\Dropbox\e_learning_platform\new_env\Lib\site-packages\django\utils\formats.py first seen with mtime 1722072398.7686267
File C:\Program Files\Python311\Lib\quopri.py first seen with mtime 1686106818.0
File C:\Users\gaabs\Dropbox\e_learning_platform\new_env\Lib\site-packages\django\http\__init__.py first seen with mtime 1722072398.4999099
File C:\Users\gaabs\Dropbox\e_learning_platform\new_env\Lib\site-packages\django\core\files\storage\__init__.py first seen with mtime 1722072397.3949723
File C:\Program Files\Python311\Lib\logging\config.py first seen with mtime 1686106818.0
File C:\Users\gaabs\Dropbox\e_learning_platform\new_env\Lib\site-packages\django\template\library.py first seen with mtime 1722072398.5714738
File C:\Users\gaabs\Dropbox\e_learning_platform\new_env\Lib\site-packages\django\core\management\commands\runserver.py first seen with mtime 1722072397.5511043
File C:\Users\gaabs\Dropbox\e_learning_platform\new_env\Lib\site-packages\django\views\csrf.py first seen with mtime 1722072398.8872008
File C:\Users\gaabs\Dropbox\e_learning_platform\new_env\Lib\site-packages\django\contrib\__init__.py first seen with mtime 1722072383.1753876
File C:\Users\gaabs\Dropbox\e_learning_platform\new_env\Lib\site-packages\sqlparse\filters\__init__.py first seen with mtime 1722072377.9421833
File C:\Users\gaabs\Dropbox\e_learning_platform\new_env\Lib\site-packages\django\db\transaction.py first seen with mtime 1722072397.6346898
File C:\Users\gaabs\Dropbox\e_learning_platform\new_env\Lib\site-packages\django\db\models\sql\constants.py first seen with mtime 1722072398.090012
File C:\Program Files\Python311\Lib\html\__init__.py first seen with mtime 1686106818.0
File C:\Users\gaabs\Dropbox\e_learning_platform\new_env\Lib\site-packages\django\apps\registry.py first seen with mtime 1722072380.8428094
File C:\Users\gaabs\Dropbox\e_learning_platform\new_env\Lib\site-packages\django\contrib\contenttypes\checks.py first seen with mtime 1722072388.934729
File C:\Users\gaabs\Dropbox\e_learning_platform\new_env\Lib\site-packages\django\core\serializers\python.py first seen with mtime 1722072397.606108
File C:\Users\gaabs\Dropbox\e_learning_platform\new_env\Lib\site-packages\django\conf\global_settings.py first seen with mtime 1722072380.8547878
File C:\Users\gaabs\Dropbox\e_learning_platform\new_env\Lib\site-packages\django\contrib\admin\options.py first seen with mtime 1722072383.2169268
File C:\Users\gaabs\Dropbox\e_learning_platform\new_env\Lib\site-packages\django\core\checks\urls.py first seen with mtime 1722072397.337964
File C:\Users\gaabs\Dropbox\e_learning_platform\new_env\Lib\site-packages\django\views\static.py first seen with mtime 1722072398.898193
File C:\Users\gaabs\Dropbox\e_learning_platform\new_env\Lib\site-packages\django\template\backends\__init__.py first seen with mtime 1722072398.5914736
File C:\Users\gaabs\Dropbox\e_learning_platform\new_env\Lib\site-packages\django\core\checks\messages.py first seen with mtime 1722072397.3113909
File C:\Program Files\Python311\Lib\functools.py first seen with mtime 1686106818.0
File C:\Program Files\Python311\DLLs\_queue.pyd first seen with mtime 1686106894.0
File C:\Users\gaabs\Dropbox\e_learning_platform\new_env\Lib\site-packages\django\core\cache\backends\filebased.py first seen with mtime 1722072397.284389
File C:\Users\gaabs\Dropbox\e_learning_platform\new_env\Lib\site-packages\django\core\files\__init__.py first seen with mtime 1722072397.3639686
File C:\Users\gaabs\Dropbox\e_learning_platform\new_env\Lib\site-packages\django\contrib\admin\templatetags\admin_list.py first seen with mtime 1722072386.4873884
File C:\Users\gaabs\Dropbox\e_learning_platform\new_env\Lib\site-packages\django\contrib\sites\__init__.py first seen with mtime 1722072396.1585157
File C:\Users\gaabs\Dropbox\e_learning_platform\new_env\Lib\site-packages\django\contrib\admin\apps.py first seen with mtime 1722072383.1883805
File C:\Users\gaabs\Dropbox\e_learning_platform\new_env\Lib\site-packages\django\contrib\admin\decorators.py first seen with mtime 1722072383.1973834
File C:\Users\gaabs\Dropbox\e_learning_platform\new_env\Lib\site-packages\django\template\base.py first seen with mtime 1722072398.549473
File C:\Program Files\Python311\Lib\asyncio\base_tasks.py first seen with mtime 1686106818.0
File C:\Program Files\Python311\Lib\email\mime\__init__.py first seen with mtime 1686106818.0
File C:\Program Files\Python311\Lib\asyncio\runners.py first seen with mtime 1686106818.0
File C:\Program Files\Python311\Lib\concurrent\futures\_base.py first seen with mtime 1686106818.0
File C:\Program Files\Python311\DLLs\_socket.pyd first seen with mtime 1686106894.0
File C:\Program Files\Python311\Lib\heapq.py first seen with mtime 1686106818.0
File C:\Users\gaabs\Dropbox\e_learning_platform\new_env\Lib\site-packages\django\core\mail\message.py first seen with mtime 1722072397.4385378
File C:\Users\gaabs\Dropbox\e_learning_platform\new_env\Lib\site-packages\django\contrib\contenttypes\forms.py first seen with mtime 1722072388.941732
File C:\Program Files\Python311\Lib\encodings\__init__.py first seen with mtime 1686106818.0
File C:\Users\gaabs\Dropbox\e_learning_platform\new_env\Lib\site-packages\django\core\handlers\base.py first seen with mtime 1722072397.4265108
File C:\Users\gaabs\Dropbox\e_learning_platform\new_env\Lib\site-packages\django\utils\text.py first seen with mtime 1722072398.8432002
File C:\Program Files\Python311\Lib\pickle.py first seen with mtime 1686106818.0
File C:\Program Files\Python311\Lib\_compression.py first seen with mtime 1686106818.0
File C:\Users\gaabs\Dropbox\e_learning_platform\new_env\Lib\site-packages\django\db\backends\sqlite3\client.py first seen with mtime 1722072397.8042555
File C:\Users\gaabs\Dropbox\e_learning_platform\new_env\Lib\site-packages\django\db\backends\sqlite3\__init__.py first seen with mtime 1722072397.7962618
File C:\Users\gaabs\Dropbox\e_learning_platform\new_env\Lib\site-packages\django\contrib\staticfiles\__init__.py first seen with mtime 1722072397.1438203
File C:\Users\gaabs\Dropbox\e_learning_platform\new_env\Lib\site-packages\django\contrib\auth\models.py first seen with mtime 1722072387.809377
File C:\Users\gaabs\Dropbox\e_learning_platform\new_env\Lib\site-packages\django\utils\encoding.py first seen with mtime 1722072398.762633
File C:\Users\gaabs\Dropbox\e_learning_platform\new_env\Lib\site-packages\django\utils\deconstruct.py first seen with mtime 1722072398.7486255
File C:\Users\gaabs\Dropbox\e_learning_platform\new_env\Lib\site-packages\django\contrib\auth\management\__init__.py first seen with mtime 1722072388.8471534
File C:\Program Files\Python311\Lib\numbers.py first seen with mtime 1686106818.0
File C:\Program Files\Python311\Lib\urllib\parse.py first seen with mtime 1686106818.0
File C:\Program Files\Python311\Lib\http\cookies.py first seen with mtime 1686106818.0
File C:\Users\gaabs\Dropbox\e_learning_platform\new_env\Lib\site-packages\django\template\utils.py first seen with mtime 1722072398.589471
File C:\Users\gaabs\Dropbox\e_learning_platform\new_env\Lib\site-packages\django\db\models\manager.py first seen with mtime 1722072397.9694226
File C:\Program Files\Python311\Lib\ctypes\__init__.py first seen with mtime 1686106818.0
File C:\Users\gaabs\Dropbox\e_learning_platform\new_env\Lib\site-packages\django\core\checks\async_checks.py first seen with mtime 1722072397.3013897
File C:\Program Files\Python311\Lib\ssl.py first seen with mtime 1686106818.0
File C:\Users\gaabs\Dropbox\e_learning_platform\new_env\Lib\site-packages\django\views\__init__.py first seen with mtime 1722072398.8852017
File C:\Users\gaabs\Dropbox\e_learning_platform\new_env\Lib\site-packages\django\core\cache\__init__.py first seen with mtime 1722072397.259393
File C:\Program Files\Python311\Lib\multiprocessing\context.py first seen with mtime 1686106818.0
File C:\Program Files\Python311\Lib\_weakrefset.py first seen with mtime 1686106818.0
File C:\Users\gaabs\Dropbox\e_learning_platform\new_env\Lib\site-packages\django\forms\utils.py first seen with mtime 1722072398.1355827
File C:\Users\gaabs\Dropbox\e_learning_platform\new_env\Lib\site-packages\django\templatetags\i18n.py first seen with mtime 1722072398.6410558
File C:\Users\gaabs\Dropbox\e_learning_platform\new_env\Lib\site-packages\django\db\models\sql\subqueries.py first seen with mtime 1722072398.102004
File C:\Program Files\Python311\Lib\sqlite3\dbapi2.py first seen with mtime 1686106818.0
File C:\Users\gaabs\Dropbox\e_learning_platform\new_env\Lib\site-packages\django\forms\boundfield.py first seen with mtime 1722072398.1200342
File C:\Users\gaabs\Dropbox\e_learning_platform\new_env\Lib\site-packages\django\core\validators.py first seen with mtime 1722072397.25339
File C:\Users\gaabs\Dropbox\e_learning_platform\new_env\Lib\site-packages\django\db\backends\sqlite3\features.py first seen with mtime 1722072397.810256
File C:\Users\gaabs\Dropbox\e_learning_platform\new_env\Lib\site-packages\django\db\backends\sqlite3\schema.py first seen with mtime 1722072397.8212814
File C:\Program Files\Python311\DLLs\_decimal.pyd first seen with mtime 1686106894.0
File C:\Program Files\Python311\Lib\string.py first seen with mtime 1686106818.0
File C:\Program Files\Python311\Lib\pkgutil.py first seen with mtime 1686106818.0
File C:\Users\gaabs\Dropbox\e_learning_platform\new_env\Lib\site-packages\_distutils_hack\__init__.py first seen with mtime 1722072307.9614925
File C:\Program Files\Python311\Lib\asyncio\selector_events.py first seen with mtime 1686106818.0
File C:\Users\gaabs\Dropbox\e_learning_platform\new_env\Lib\site-packages\django\core\management\base.py first seen with mtime 1722072397.4805317
File C:\Users\gaabs\Dropbox\e_learning_platform\new_env\Lib\site-packages\django\core\mail\__init__.py first seen with mtime 1722072397.435536
File C:\Users\gaabs\Dropbox\e_learning_platform\new_env\Lib\site-packages\django\contrib\contenttypes\views.py first seen with mtime 1722072388.9497325
File C:\Users\gaabs\Dropbox\e_learning_platform\new_env\Lib\site-packages\django\contrib\auth\password_validation.py first seen with mtime 1722072387.8153768
File C:\Users\gaabs\Dropbox\e_learning_platform\new_env\Lib\site-packages\django\db\backends\base\creation.py first seen with mtime 1722072397.663686
File C:\Program Files\Python311\Lib\_markupbase.py first seen with mtime 1686106818.0
File C:\Users\gaabs\Dropbox\e_learning_platform\new_env\Lib\site-packages\django\contrib\auth\__init__.py first seen with mtime 1722072387.7523525
File C:\Program Files\Python311\Lib\linecache.py first seen with mtime 1686106818.0
File C:\Users\gaabs\Dropbox\e_learning_platform\new_env\Lib\site-packages\django\core\checks\templates.py first seen with mtime 1722072397.318408
File C:\Program Files\Python311\Lib\email\_parseaddr.py first seen with mtime 1686106818.0
File C:\Program Files\Python311\DLLs\_zoneinfo.pyd first seen with mtime 1686106896.0
File C:\Program Files\Python311\Lib\json\__init__.py first seen with mtime 1686106818.0
File C:\Users\gaabs\Dropbox\e_learning_platform\new_env\Lib\site-packages\django\views\debug.py first seen with mtime 1722072398.8912003
File C:\Users\gaabs\Dropbox\e_learning_platform\new_env\Lib\site-packages\django\conf\urls\__init__.py first seen with mtime 1722072383.166384
File C:\Users\gaabs\Dropbox\e_learning_platform\new_env\Lib\site-packages\django\forms\forms.py first seen with mtime 1722072398.1250348
File C:\Users\gaabs\Dropbox\e_learning_platform\new_env\Lib\site-packages\django\utils\translation\reloader.py first seen with mtime 1722072398.8661954
File C:\Users\gaabs\Dropbox\e_learning_platform\new_env\Lib\site-packages\django\views\decorators\csrf.py first seen with mtime 1722072398.9132266
File C:\Program Files\Python311\Lib\queue.py first seen with mtime 1686106818.0
File C:\Users\gaabs\Dropbox\e_learning_platform\new_env\Lib\site-packages\django\forms\widgets.py first seen with mtime 1722072398.155578
File C:\Program Files\Python311\Lib\asyncio\taskgroups.py first seen with mtime 1686106818.0
File C:\Users\gaabs\Dropbox\e_learning_platform\new_env\Lib\site-packages\django\db\backends\base\base.py first seen with mtime 1722072397.6596825
File C:\Users\gaabs\Dropbox\e_learning_platform\new_env\Lib\site-packages\django\forms\renderers.py first seen with mtime 1722072398.1335819
File C:\Users\gaabs\Dropbox\e_learning_platform\new_env\Lib\site-packages\django\core\checks\__init__.py first seen with mtime 1722072397.2983892
File C:\Program Files\Python311\Lib\wsgiref\headers.py first seen with mtime 1686106818.0
File C:\Program Files\Python311\Lib\datetime.py first seen with mtime 1686106818.0
File C:\Users\gaabs\Dropbox\e_learning_platform\new_env\Lib\site-packages\django\contrib\admin\templatetags\__init__.py first seen with mtime 1722072386.453386
File C:\Program Files\Python311\Lib\urllib\error.py first seen with mtime 1686106818.0
File C:\Users\gaabs\Dropbox\e_learning_platform\new_env\Lib\site-packages\django\db\models\sql\query.py first seen with mtime 1722072398.0960047
File C:\Users\gaabs\Dropbox\e_learning_platform\new_env\Lib\site-packages\django\core\checks\model_checks.py first seen with mtime 1722072397.3144135
File C:\Users\gaabs\Dropbox\e_learning_platform\new_env\Lib\site-packages\django\db\migrations\operations\special.py first seen with mtime 1722072397.9078386
File C:\Users\gaabs\Dropbox\e_learning_platform\new_env\Lib\site-packages\django\templatetags\tz.py first seen with mtime 1722072398.6500509
File C:\Program Files\Python311\Lib\asyncio\proactor_events.py first seen with mtime 1686106818.0
File C:\Users\gaabs\Dropbox\e_learning_platform\new_env\Lib\site-packages\django\db\backends\base\introspection.py first seen with mtime 1722072397.6696904
File C:\Program Files\Python311\Lib\asyncio\trsock.py first seen with mtime 1686106818.0
File C:\Program Files\Python311\Lib\asyncio\base_events.py first seen with mtime 1686106818.0
File C:\Program Files\Python311\Lib\asyncio\windows_utils.py first seen with mtime 1686106818.0
File C:\Users\gaabs\Dropbox\e_learning_platform\new_env\Lib\site-packages\django\core\exceptions.py first seen with mtime 1722072397.2443867
File C:\Users\gaabs\Dropbox\e_learning_platform\new_env\Lib\site-packages\django\utils\timesince.py first seen with mtime 1722072398.8481958
File C:\Users\gaabs\Dropbox\e_learning_platform\new_env\Lib\site-packages\django\core\management\color.py first seen with mtime 1722072397.4895358
File C:\Program Files\Python311\Lib\email\_encoded_words.py first seen with mtime 1686106818.0
File C:\Program Files\Python311\Lib\multiprocessing\reduction.py first seen with mtime 1686106818.0
File C:\Program Files\Python311\Lib\asyncio\subprocess.py first seen with mtime 1686106818.0
File C:\Users\gaabs\Dropbox\e_learning_platform\new_env\Lib\site-packages\django\contrib\staticfiles\apps.py first seen with mtime 1722072397.1458104
File C:\Users\gaabs\Dropbox\e_learning_platform\new_env\Lib\site-packages\django\urls\conf.py first seen with mtime 1722072398.6840465
File C:\Users\gaabs\Dropbox\e_learning_platform\new_env\Lib\site-packages\django\core\checks\compatibility\__init__.py first seen with mtime 1722072397.3439672
File C:\Users\gaabs\Dropbox\e_learning_platform\new_env\Lib\site-packages\sqlparse\cli.py first seen with mtime 1722072377.7420475
File C:\Users\gaabs\Dropbox\e_learning_platform\new_env\Lib\site-packages\sqlparse\filters\right_margin.py first seen with mtime 1722072377.9541855
File C:\Users\gaabs\Dropbox\e_learning_platform\new_env\Lib\site-packages\django\contrib\sites\requests.py first seen with mtime 1722072396.1795113
File C:\Users\gaabs\Dropbox\e_learning_platform\new_env\Lib\site-packages\django\db\models\query_utils.py first seen with mtime 1722072397.9804206
File C:\Users\gaabs\Dropbox\e_learning_platform\new_env\Lib\site-packages\django\contrib\contenttypes\admin.py first seen with mtime 1722072388.9297307
File C:\Program Files\Python311\Lib\wsgiref\handlers.py first seen with mtime 1686106818.0
File C:\Users\gaabs\Dropbox\e_learning_platform\new_env\Lib\site-packages\django\db\migrations\operations\models.py first seen with mtime 1722072397.905834
File C:\Program Files\Python311\Lib\http\server.py first seen with mtime 1686106818.0
File C:\Users\gaabs\Dropbox\e_learning_platform\new_env\Lib\site-packages\django\dispatch\__init__.py first seen with mtime 1722072398.1090038
File C:\Program Files\Python311\Lib\email\utils.py first seen with mtime 1686106818.0
File C:\Users\gaabs\Dropbox\e_learning_platform\new_env\Lib\site-packages\django\db\models\base.py first seen with mtime 1722072397.9464257
File C:\Program Files\Python311\Lib\ast.py first seen with mtime 1686106818.0
File C:\Program Files\Python311\DLLs\_ctypes.pyd first seen with mtime 1686106896.0
File C:\Program Files\Python311\Lib\email\contentmanager.py first seen with mtime 1686106818.0
File C:\Program Files\Python311\Lib\ipaddress.py first seen with mtime 1686106818.0
File C:\Users\gaabs\Dropbox\e_learning_platform\new_env\Lib\site-packages\django\db\migrations\migration.py first seen with mtime 1722072397.8478305
File C:\Users\gaabs\Dropbox\e_learning_platform\new_env\Lib\site-packages\django\contrib\messages\api.py first seen with mtime 1722072393.2276049
File C:\Users\gaabs\Dropbox\e_learning_platform\new_env\Lib\site-packages\django\template\loaders\base.py first seen with mtime 1722072398.612477
File C:\Program Files\Python311\Lib\concurrent\futures\thread.py first seen with mtime 1686106818.0
File C:\Users\gaabs\Dropbox\e_learning_platform\new_env\Lib\site-packages\django\utils\dateparse.py first seen with mtime 1722072398.7416348
File C:\Program Files\Python311\Lib\asyncio\windows_events.py first seen with mtime 1686106818.0
File C:\Users\gaabs\Dropbox\e_learning_platform\new_env\Lib\site-packages\django\contrib\admin\views\__init__.py first seen with mtime 1722072386.53296
File C:\Users\gaabs\Dropbox\e_learning_platform\new_env\Lib\site-packages\django\views\decorators\__init__.py first seen with mtime 1722072398.901195
File C:\Users\gaabs\Dropbox\e_learning_platform\new_env\Lib\site-packages\django\contrib\admin\actions.py first seen with mtime 1722072383.181387
File C:\Program Files\Python311\Lib\copy.py first seen with mtime 1686106818.0
File C:\Users\gaabs\Dropbox\e_learning_platform\new_env\Lib\site-packages\django\core\paginator.py first seen with mtime 1722072397.246395
File C:\Program Files\Python311\Lib\json\scanner.py first seen with mtime 1686106818.0
File C:\Users\gaabs\Dropbox\e_learning_platform\new_env\Lib\site-packages\django\utils\duration.py first seen with mtime 1722072398.7596295
File C:\Users\gaabs\Dropbox\e_learning_platform\new_env\Lib\site-packages\django\db\models\fields\proxy.py first seen with mtime 1722072398.0380054
File C:\Users\gaabs\Dropbox\e_learning_platform\new_env\Lib\site-packages\django\contrib\admin\views\main.py first seen with mtime 1722072386.5529566
File C:\Program Files\Python311\Lib\platform.py first seen with mtime 1686106818.0
File C:\Users\gaabs\Dropbox\e_learning_platform\new_env\Lib\site-packages\sqlparse\lexer.py first seen with mtime 1722072377.7570531
File C:\Users\gaabs\Dropbox\e_learning_platform\new_env\Lib\site-packages\django\contrib\auth\apps.py first seen with mtime 1722072387.7613544
File C:\Users\gaabs\Dropbox\e_learning_platform\new_env\Lib\site-packages\django\db\models\fields\reverse_related.py first seen with mtime 1722072398.0500143
File C:\Users\gaabs\Dropbox\e_learning_platform\new_env\Lib\site-packages\django\db\models\utils.py first seen with mtime 1722072398.0054252
File C:\Users\gaabs\Dropbox\e_learning_platform\new_env\Lib\site-packages\django\db\models\query.py first seen with mtime 1722072397.977415
File C:\Users\gaabs\Dropbox\e_learning_platform\new_env\Lib\site-packages\django\contrib\auth\middleware.py first seen with mtime 1722072387.7863548
File C:\Program Files\Python311\Lib\email\policy.py first seen with mtime 1686106818.0
File C:\Users\gaabs\Dropbox\e_learning_platform\new_env\Lib\site-packages\django\core\serializers\base.py first seen with mtime 1722072397.5981033
File C:\Program Files\Python311\Lib\email\charset.py first seen with mtime 1686106818.0
File C:\Users\gaabs\Dropbox\e_learning_platform\new_env\Lib\site-packages\django\core\checks\files.py first seen with mtime 1722072397.3083913
File C:\Program Files\Python311\Lib\warnings.py first seen with mtime 1686106818.0
File C:\Users\gaabs\Dropbox\e_learning_platform\new_env\Lib\site-packages\django\db\migrations\operations\__init__.py first seen with mtime 1722072397.8968272
File C:\Program Files\Python311\Lib\urllib\__init__.py first seen with mtime 1686106818.0
File C:\Users\gaabs\Dropbox\e_learning_platform\new_env\Lib\site-packages\django\views\decorators\debug.py first seen with mtime 1722072398.9317794
File C:\Users\gaabs\Dropbox\e_learning_platform\new_env\Lib\site-packages\django\utils\connection.py first seen with mtime 1722072398.7250693
File C:\Users\gaabs\Dropbox\e_learning_platform\new_env\Lib\site-packages\django\views\defaults.py first seen with mtime 1722072398.893195
File C:\Users\gaabs\Dropbox\e_learning_platform\new_env\Lib\site-packages\django\template\defaulttags.py first seen with mtime 1722072398.5614722
File C:\Program Files\Python311\Lib\gzip.py first seen with mtime 1686106818.0
File C:\Program Files\Python311\Lib\graphlib.py first seen with mtime 1686106818.0
File C:\Users\gaabs\Dropbox\e_learning_platform\new_env\Lib\site-packages\django\utils\__init__.py first seen with mtime 1722072398.701057
File C:\Users\gaabs\Dropbox\e_learning_platform\new_env\Lib\site-packages\django\template\loaders\filesystem.py first seen with mtime 1722072398.6310532
File C:\Program Files\Python311\Lib\email\iterators.py first seen with mtime 1686106818.0
File C:\Users\gaabs\Dropbox\e_learning_platform\new_env\Lib\site-packages\django\__init__.py first seen with mtime 1722072380.8112319
File C:\Program Files\Python311\Lib\signal.py first seen with mtime 1686106818.0
File C:\Users\gaabs\Dropbox\e_learning_platform\new_env\Lib\site-packages\django\db\backends\base\operations.py first seen with mtime 1722072397.6716895
File C:\Program Files\Python311\Lib\asyncio\staggered.py first seen with mtime 1686106818.0
File C:\Program Files\Python311\Lib\wsgiref\util.py first seen with mtime 1686106818.0
File C:\Users\gaabs\Dropbox\e_learning_platform\skillup24\manage.py first seen with mtime 1722072487.7806022
File C:\Users\gaabs\Dropbox\e_learning_platform\skillup24\skillup24\settings.py first seen with mtime 1722080442.6554785
File C:\Program Files\Python311\Lib\wsgiref\__init__.py first seen with mtime 1686106818.0
File C:\Users\gaabs\Dropbox\e_learning_platform\new_env\Lib\site-packages\django\contrib\admin\filters.py first seen with mtime 1722072383.2043967
File C:\Program Files\Python311\Lib\asyncio\base_futures.py first seen with mtime 1686106818.0
File C:\Program Files\Python311\DLLs\_ssl.pyd first seen with mtime 1686106894.0
File C:\Users\gaabs\Dropbox\e_learning_platform\new_env\Lib\site-packages\django\core\files\uploadedfile.py first seen with mtime 1722072397.385963
File C:\Program Files\Python311\Lib\textwrap.py first seen with mtime 1686106818.0
File C:\Users\gaabs\Dropbox\e_learning_platform\new_env\Lib\site-packages\django\core\wsgi.py first seen with mtime 1722072397.2563906
File C:\Users\gaabs\Dropbox\e_learning_platform\new_env\Lib\site-packages\sqlparse\filters\reindent.py first seen with mtime 1722072377.9511845
File C:\Users\gaabs\Dropbox\e_learning_platform\new_env\Lib\site-packages\django\contrib\messages\__init__.py first seen with mtime 1722072393.2246068
File C:\Users\gaabs\Dropbox\e_learning_platform\new_env\Lib\site-packages\asgiref\sync.py first seen with mtime 1722072379.7139785
File C:\Users\gaabs\Dropbox\e_learning_platform\new_env\Lib\site-packages\django\utils\_os.py first seen with mtime 1722072398.7040498
File C:\Users\gaabs\Dropbox\e_learning_platform\new_env\Lib\site-packages\django\core\__init__.py first seen with mtime 1722072397.239392
File C:\Users\gaabs\Dropbox\e_learning_platform\new_env\Lib\site-packages\django\db\migrations\utils.py first seen with mtime 1722072397.8908353
File C:\Users\gaabs\Dropbox\e_learning_platform\new_env\Lib\site-packages\django\contrib\contenttypes\models.py first seen with mtime 1722072388.9437268
File C:\Program Files\Python311\Lib\asyncio\queues.py first seen with mtime 1686106818.0
File C:\Program Files\Python311\Lib\collections\abc.py first seen with mtime 1686106818.0
File C:\Users\gaabs\Dropbox\e_learning_platform\new_env\Lib\site-packages\django\urls\converters.py first seen with mtime 1722072398.6870513
File C:\Users\gaabs\Dropbox\e_learning_platform\new_env\Lib\site-packages\django\template\smartif.py first seen with mtime 1722072398.5864754
File C:\Users\gaabs\Dropbox\e_learning_platform\new_env\Lib\site-packages\django\core\checks\caches.py first seen with mtime 1722072397.3033926
File C:\Users\gaabs\Dropbox\e_learning_platform\new_env\Lib\site-packages\django\template\exceptions.py first seen with mtime 1722072398.566474
File C:\Program Files\Python311\Lib\gettext.py first seen with mtime 1686106818.0
File C:\Users\gaabs\Dropbox\e_learning_platform\new_env\Lib\site-packages\django\db\models\enums.py first seen with mtime 1722072397.9584236
File C:\Program Files\Python311\Lib\encodings\utf_8.py first seen with mtime 1686106818.0
File C:\Program Files\Python311\Lib\glob.py first seen with mtime 1686106818.0
File C:\Users\gaabs\Dropbox\e_learning_platform\new_env\Lib\site-packages\django\http\response.py first seen with mtime 1722072398.5109062
File C:\Program Files\Python311\DLLs\_uuid.pyd first seen with mtime 1686106894.0
File C:\Users\gaabs\Dropbox\e_learning_platform\new_env\Lib\site-packages\django\db\models\sql\where.py first seen with mtime 1722072398.1050045
File C:\Program Files\Python311\DLLs\select.pyd first seen with mtime 1686106894.0
File C:\Program Files\Python311\DLLs\_overlapped.pyd first seen with mtime 1686106894.0
File C:\Users\gaabs\Dropbox\e_learning_platform\new_env\Lib\site-packages\django\core\checks\registry.py first seen with mtime 1722072397.3164072
File C:\Users\gaabs\Dropbox\e_learning_platform\new_env\Lib\site-packages\django\db\models\fields\generated.py first seen with mtime 1722072398.0290072
File C:\Program Files\Python311\Lib\re\_casefix.py first seen with mtime 1686106818.0
File C:\Program Files\Python311\Lib\urllib\request.py first seen with mtime 1686106818.0
File C:\Users\gaabs\Dropbox\e_learning_platform\new_env\Lib\site-packages\django\db\models\expressions.py first seen with mtime 1722072397.9614227
File C:\Users\gaabs\Dropbox\e_learning_platform\new_env\Lib\site-packages\django\db\migrations\operations\fields.py first seen with mtime 1722072397.9028292
File C:\Program Files\Python311\Lib\email\encoders.py first seen with mtime 1686106818.0
File C:\Users\gaabs\Dropbox\e_learning_platform\new_env\Lib\site-packages\django\db\backends\base\schema.py first seen with mtime 1722072397.6756895
File C:\Users\gaabs\Dropbox\e_learning_platform\new_env\Lib\site-packages\django\contrib\admin\utils.py first seen with mtime 1722072383.226935
File C:\Users\gaabs\Dropbox\e_learning_platform\new_env\Lib\site-packages\django\contrib\admin\checks.py first seen with mtime 1722072383.1943834
File C:\Program Files\Python311\Lib\socket.py first seen with mtime 1686106818.0
File C:\Users\gaabs\Dropbox\e_learning_platform\new_env\Lib\site-packages\django\contrib\staticfiles\views.py first seen with mtime 1722072397.184814
File C:\Program Files\Python311\Lib\sqlite3\__init__.py first seen with mtime 1686106818.0
File C:\Program Files\Python311\Lib\asyncio\timeouts.py first seen with mtime 1686106818.0
File C:\Program Files\Python311\Lib\getpass.py first seen with mtime 1686106818.0
File C:\Program Files\Python311\Lib\token.py first seen with mtime 1686106818.0
File C:\Program Files\Python311\Lib\logging\handlers.py first seen with mtime 1686106818.0
File C:\Users\gaabs\Dropbox\e_learning_platform\new_env\Lib\site-packages\django\db\models\constants.py first seen with mtime 1722072397.9494298
File C:\Program Files\Python311\Lib\mimetypes.py first seen with mtime 1686106818.0
File C:\Users\gaabs\Dropbox\e_learning_platform\new_env\Lib\site-packages\django\dispatch\dispatcher.py first seen with mtime 1722072398.11201
File C:\Users\gaabs\Dropbox\e_learning_platform\new_env\Lib\site-packages\django\contrib\staticfiles\management\commands\__init__.py first seen with mtime 1722072397.1878116
File C:\Users\gaabs\Dropbox\e_learning_platform\new_env\Lib\site-packages\django\middleware\csrf.py first seen with mtime 1722072398.5219283
File C:\Users\gaabs\Dropbox\e_learning_platform\new_env\Lib\site-packages\django\views\generic\__init__.py first seen with mtime 1722072398.9427743
File C:\Users\gaabs\Dropbox\e_learning_platform\new_env\Lib\site-packages\django\core\checks\database.py first seen with mtime 1722072397.3063874
File C:\Users\gaabs\Dropbox\e_learning_platform\new_env\Lib\site-packages\django\contrib\contenttypes\__init__.py first seen with mtime 1722072388.9267237
File C:\Users\gaabs\Dropbox\e_learning_platform\new_env\Lib\site-packages\django\core\handlers\asgi.py first seen with mtime 1722072397.412993
File C:\Users\gaabs\Dropbox\e_learning_platform\new_env\Lib\site-packages\django\template\loaders\__init__.py first seen with mtime 1722072398.6074827
File C:\Program Files\Python311\Lib\opcode.py first seen with mtime 1686106818.0
File C:\Users\gaabs\Dropbox\e_learning_platform\new_env\Lib\site-packages\django\core\files\images.py first seen with mtime 1722072397.3689687
File C:\Users\gaabs\Dropbox\e_learning_platform\new_env\Lib\site-packages\django\urls\resolvers.py first seen with mtime 1722072398.6940534
File C:\Users\gaabs\Dropbox\e_learning_platform\new_env\Lib\site-packages\django\db\models\fields\related_descriptors.py first seen with mtime 1722072398.045004
File C:\Users\gaabs\Dropbox\e_learning_platform\new_env\Lib\site-packages\django\views\decorators\common.py first seen with mtime 1722072398.9101968
File C:\Users\gaabs\Dropbox\e_learning_platform\new_env\Lib\site-packages\django\apps\__init__.py first seen with mtime 1722072380.833789
File C:\Users\gaabs\Dropbox\e_learning_platform\new_env\Lib\site-packages\django\template\backends\django.py first seen with mtime 1722072398.596471
File C:\Users\gaabs\Dropbox\e_learning_platform\new_env\Lib\site-packages\django\urls\base.py first seen with mtime 1722072398.6820505
File C:\Program Files\Python311\Lib\dis.py first seen with mtime 1686106818.0
File C:\Program Files\Python311\Lib\weakref.py first seen with mtime 1686106818.0
File C:\Users\gaabs\Dropbox\e_learning_platform\new_env\Lib\site-packages\django\contrib\admin\widgets.py first seen with mtime 1722072383.2309382
File C:\Program Files\Python311\Lib\email\quoprimime.py first seen with mtime 1686106818.0
File C:\Users\gaabs\Dropbox\e_learning_platform\new_env\Lib\site-packages\django\db\models\signals.py first seen with mtime 1722072397.9824176
File C:\Users\gaabs\Dropbox\e_learning_platform\new_env\Lib\site-packages\django\core\files\storage\base.py first seen with mtime 1722072397.397977
File C:\Program Files\Python311\Lib\dataclasses.py first seen with mtime 1686106818.0
File C:\Users\gaabs\Dropbox\e_learning_platform\new_env\Lib\site-packages\django\core\cache\backends\__init__.py first seen with mtime 1722072397.2633927
File C:\Users\gaabs\Dropbox\e_learning_platform\new_env\Lib\site-packages\django\core\checks\translation.py first seen with mtime 1722072397.334967
File C:\Program Files\Python311\Lib\concurrent\futures\__init__.py first seen with mtime 1686106818.0
File C:\Program Files\Python311\Lib\email\_header_value_parser.py first seen with mtime 1686106818.0
File C:\Users\gaabs\Dropbox\e_learning_platform\new_env\Lib\site-packages\sqlparse\utils.py first seen with mtime 1722072377.9251907
File C:\Program Files\Python311\DLLs\_asyncio.pyd first seen with mtime 1686106918.0
File C:\Program Files\Python311\Lib\socketserver.py first seen with mtime 1686106818.0
File C:\Users\gaabs\Dropbox\e_learning_platform\new_env\Lib\site-packages\django\contrib\admin\helpers.py first seen with mtime 1722072383.2104056
File C:\Users\gaabs\Dropbox\e_learning_platform\new_env\Lib\site-packages\django\forms\models.py first seen with mtime 1722072398.1315875
File C:\Program Files\Python311\Lib\asyncio\transports.py first seen with mtime 1686106818.0
File C:\Program Files\Python311\Lib\_compat_pickle.py first seen with mtime 1686106818.0
File C:\Users\gaabs\Dropbox\e_learning_platform\new_env\Lib\site-packages\django\utils\choices.py first seen with mtime 1722072398.7220743
File C:\Users\gaabs\Dropbox\e_learning_platform\new_env\Lib\site-packages\django\utils\decorators.py first seen with mtime 1722072398.7536285
File C:\Users\gaabs\Dropbox\e_learning_platform\new_env\Lib\site-packages\django\contrib\admin\templatetags\log.py first seen with mtime 1722072386.5319679
File C:\Program Files\Python311\Lib\re\__init__.py first seen with mtime 1686106818.0
File C:\Program Files\Python311\Lib\asyncio\log.py first seen with mtime 1686106818.0
File C:\Program Files\Python311\DLLs\unicodedata.pyd first seen with mtime 1686106896.0
File C:\Users\gaabs\Dropbox\e_learning_platform\new_env\Lib\site-packages\django\core\checks\security\sessions.py first seen with mtime 1722072397.361964
File C:\Users\gaabs\Dropbox\e_learning_platform\new_env\Lib\site-packages\django\db\utils.py first seen with mtime 1722072397.636695
File C:\Users\gaabs\Dropbox\e_learning_platform\new_env\Lib\site-packages\django\template\backends\base.py first seen with mtime 1722072398.5944748
File C:\Users\gaabs\Dropbox\e_learning_platform\new_env\Lib\site-packages\django\db\backends\utils.py first seen with mtime 1722072397.6486933
File C:\Users\gaabs\Dropbox\e_learning_platform\new_env\Lib\site-packages\django\db\models\functions\datetime.py first seen with mtime 1722072398.0690033
File C:\Program Files\Python311\Lib\hmac.py first seen with mtime 1686106818.0
File C:\Users\gaabs\Dropbox\e_learning_platform\new_env\Lib\site-packages\django\core\files\base.py first seen with mtime 1722072397.3669639
File C:\Users\gaabs\Dropbox\e_learning_platform\new_env\Lib\site-packages\django\utils\autoreload.py first seen with mtime 1722072398.7160711
File C:\Program Files\Python311\Lib\tempfile.py first seen with mtime 1686106818.0
File C:\Users\gaabs\Dropbox\e_learning_platform\new_env\Lib\site-packages\django\contrib\messages\apps.py first seen with mtime 1722072393.2296057
File C:\Users\gaabs\Dropbox\e_learning_platform\new_env\Lib\site-packages\django\db\backends\sqlite3\creation.py first seen with mtime 1722072397.8072617
File C:\Program Files\Python311\Lib\email\mime\base.py first seen with mtime 1686106818.0
File C:\Users\gaabs\Dropbox\e_learning_platform\new_env\Lib\site-packages\django\urls\utils.py first seen with mtime 1722072398.6990535
File C:\Users\gaabs\Dropbox\e_learning_platform\new_env\Lib\site-packages\asgiref\local.py first seen with mtime 1722072379.7024355
File C:\Program Files\Python311\Lib\email\_policybase.py first seen with mtime 1686106818.0
File C:\Users\gaabs\Dropbox\e_learning_platform\new_env\Lib\site-packages\django\db\models\fields\mixins.py first seen with mtime 1722072398.0350041
File C:\Program Files\Python311\Lib\contextvars.py first seen with mtime 1686106818.0
File C:\Users\gaabs\Dropbox\e_learning_platform\new_env\Lib\site-packages\django\db\models\indexes.py first seen with mtime 1722072397.964426
File C:\Program Files\Python311\Lib\locale.py first seen with mtime 1686106818.0
File C:\Program Files\Python311\Lib\selectors.py first seen with mtime 1686106818.0
File C:\Program Files\Python311\Lib\logging\__init__.py first seen with mtime 1686106818.0
File C:\Program Files\Python311\Lib\json\decoder.py first seen with mtime 1686106818.0
File C:\Users\gaabs\Dropbox\e_learning_platform\new_env\Lib\site-packages\django\template\__init__.py first seen with mtime 1722072398.5424664
File C:\Users\gaabs\Dropbox\e_learning_platform\new_env\Lib\site-packages\django\core\files\storage\filesystem.py first seen with mtime 1722072397.4009697
File C:\Program Files\Python311\Lib\copyreg.py first seen with mtime 1686106818.0
File C:\Program Files\Python311\Lib\email\parser.py first seen with mtime 1686106818.0
File C:\Program Files\Python311\Lib\asyncio\constants.py first seen with mtime 1686106818.0
File C:\Program Files\Python311\Lib\ctypes\wintypes.py first seen with mtime 1686106818.0
File C:\Users\gaabs\Dropbox\e_learning_platform\new_env\Lib\site-packages\django\contrib\auth\signals.py first seen with mtime 1722072387.8173826
File C:\Users\gaabs\Dropbox\e_learning_platform\new_env\Lib\site-packages\django\db\migrations\state.py first seen with mtime 1722072397.8888338
File C:\Users\gaabs\Dropbox\e_learning_platform\new_env\Lib\site-packages\django\contrib\contenttypes\fields.py first seen with mtime 1722072388.9387388
File C:\Users\gaabs\Dropbox\e_learning_platform\new_env\Lib\site-packages\django\middleware\__init__.py first seen with mtime 1722072398.5119083
File C:\Users\gaabs\Dropbox\e_learning_platform\new_env\Lib\site-packages\django\utils\deprecation.py first seen with mtime 1722072398.75663
File C:\Program Files\Python311\Lib\pathlib.py first seen with mtime 1686106818.0
File C:\Program Files\Python311\Lib\fractions.py first seen with mtime 1686106818.0
File C:\Users\gaabs\Dropbox\e_learning_platform\new_env\Lib\site-packages\django\forms\__init__.py first seen with mtime 1722072398.1170375
File C:\Program Files\Python311\Lib\secrets.py first seen with mtime 1686106818.0
File C:\Users\gaabs\Dropbox\e_learning_platform\new_env\Lib\site-packages\django\core\files\utils.py first seen with mtime 1722072397.392968
File C:\Users\gaabs\Dropbox\e_learning_platform\new_env\Lib\site-packages\django\core\handlers\__init__.py first seen with mtime 1722072397.4099672
File C:\Users\gaabs\Dropbox\e_learning_platform\new_env\Lib\site-packages\django\templatetags\__init__.py first seen with mtime 1722072398.6350498
File C:\Users\gaabs\Dropbox\e_learning_platform\new_env\Lib\site-packages\django\views\decorators\cache.py first seen with mtime 1722072398.904198
File C:\Program Files\Python311\Lib\ctypes\_endian.py first seen with mtime 1686106818.0
File C:\Users\gaabs\Dropbox\e_learning_platform\new_env\Lib\site-packages\django\db\models\functions\text.py first seen with mtime 1722072398.0779986
File C:\Users\gaabs\Dropbox\e_learning_platform\new_env\Lib\site-packages\django\core\serializers\json.py first seen with mtime 1722072397.6011012
File C:\Users\gaabs\Dropbox\e_learning_platform\new_env\Lib\site-packages\django\utils\module_loading.py first seen with mtime 1722072398.8076344
File C:\Program Files\Python311\Lib\asyncio\threads.py first seen with mtime 1686106818.0
File C:\Users\gaabs\Dropbox\e_learning_platform\new_env\Lib\site-packages\django\template\engine.py first seen with mtime 1722072398.5634732
File C:\Users\gaabs\Dropbox\e_learning_platform\new_env\Lib\site-packages\django\db\backends\sqlite3\introspection.py first seen with mtime 1722072397.8142834
File C:\Users\gaabs\Dropbox\e_learning_platform\new_env\Lib\site-packages\django\core\files\storage\handler.py first seen with mtime 1722072397.4029684
File C:\Program Files\Python311\Lib\email\errors.py first seen with mtime 1686106818.0
File C:\Users\gaabs\Dropbox\e_learning_platform\new_env\Lib\site-packages\sqlparse\sql.py first seen with mtime 1722072377.76405
File C:\Users\gaabs\Dropbox\e_learning_platform\new_env\Lib\site-packages\django\contrib\sessions\base_session.py first seen with mtime 1722072395.198148
File C:\Users\gaabs\Dropbox\e_learning_platform\new_env\Lib\site-packages\django\core\files\storage\memory.py first seen with mtime 1722072397.405965
File C:\Program Files\Python311\Lib\email\headerregistry.py first seen with mtime 1686106818.0
File C:\Users\gaabs\Dropbox\e_learning_platform\new_env\Lib\site-packages\django\contrib\messages\utils.py first seen with mtime 1722072393.2556114
File C:\Program Files\Python311\Lib\calendar.py first seen with mtime 1686106818.0
File C:\Users\gaabs\Dropbox\e_learning_platform\new_env\Lib\site-packages\django\core\cache\backends\locmem.py first seen with mtime 1722072397.2893834
File C:\Users\gaabs\Dropbox\e_learning_platform\new_env\Lib\site-packages\django\contrib\auth\admin.py first seen with mtime 1722072387.75536
File C:\Users\gaabs\Dropbox\e_learning_platform\new_env\Lib\site-packages\django\contrib\contenttypes\apps.py first seen with mtime 1722072388.9327364
File C:\Users\gaabs\Dropbox\e_learning_platform\new_env\Lib\site-packages\django\template\defaultfilters.py first seen with mtime 1722072398.5584712
File C:\Program Files\Python311\Lib\email\message.py first seen with mtime 1686106818.0
File C:\Users\gaabs\Dropbox\e_learning_platform\new_env\Lib\site-packages\django\contrib\staticfiles\utils.py first seen with mtime 1722072397.1818216
File C:\Users\gaabs\Dropbox\e_learning_platform\new_env\Lib\site-packages\django\contrib\staticfiles\checks.py first seen with mtime 1722072397.1488125
File C:\Program Files\Python311\Lib\nturl2path.py first seen with mtime 1686106818.0
File C:\Program Files\Python311\Lib\multiprocessing\process.py first seen with mtime 1686106818.0
File C:\Users\gaabs\Dropbox\e_learning_platform\new_env\Lib\site-packages\sqlparse\filters\tokens.py first seen with mtime 1722072377.9581873
File C:\Users\gaabs\Dropbox\e_learning_platform\new_env\Lib\site-packages\django\utils\version.py first seen with mtime 1722072398.8571987
File C:\Users\gaabs\Dropbox\e_learning_platform\new_env\Lib\site-packages\django\utils\cache.py first seen with mtime 1722072398.7200763
File C:\Program Files\Python311\Lib\inspect.py first seen with mtime 1686106818.0
File C:\Users\gaabs\Dropbox\e_learning_platform\new_env\Lib\site-packages\django\utils\datastructures.py first seen with mtime 1722072398.7316308
File C:\Users\gaabs\Dropbox\e_learning_platform\new_env\Lib\site-packages\django\db\models\sql\__init__.py first seen with mtime 1722072398.084012
File C:\Users\gaabs\Dropbox\e_learning_platform\new_env\Lib\site-packages\sqlparse\filters\output.py first seen with mtime 1722072377.949185
File C:\Users\gaabs\Dropbox\e_learning_platform\new_env\Lib\site-packages\django\core\management\__init__.py first seen with mtime 1722072397.4785361
File C:\Users\gaabs\Dropbox\e_learning_platform\new_env\Lib\site-packages\django\utils\translation\__init__.py first seen with mtime 1722072398.8631907
File C:\Program Files\Python311\Lib\zoneinfo\_common.py first seen with mtime 1686106818.0
File C:\Users\gaabs\Dropbox\e_learning_platform\new_env\Lib\site-packages\django\utils\asyncio.py first seen with mtime 1722072398.7100465
File C:\Program Files\Python311\Lib\importlib\_abc.py first seen with mtime 1686106818.0
File C:\Program Files\Python311\Lib\reprlib.py first seen with mtime 1686106818.0
File C:\Users\gaabs\Dropbox\e_learning_platform\new_env\Lib\site-packages\django\views\i18n.py first seen with mtime 1722072398.8961966
File C:\Program Files\Python311\Lib\keyword.py first seen with mtime 1686106818.0
File C:\Users\gaabs\Dropbox\e_learning_platform\new_env\Lib\site-packages\django\core\files\move.py first seen with mtime 1722072397.3809676
File C:\Program Files\Python311\Lib\importlib\__init__.py first seen with mtime 1686106818.0
File C:\Users\gaabs\Dropbox\e_learning_platform\new_env\Lib\site-packages\django\core\cache\utils.py first seen with mtime 1722072397.261391
File C:\Program Files\Python311\Lib\decimal.py first seen with mtime 1686106818.0
File C:\Users\gaabs\Dropbox\e_learning_platform\new_env\Lib\site-packages\django\core\handlers\exception.py first seen with mtime 1722072397.4295387
File C:\Program Files\Python311\Lib\asyncio\format_helpers.py first seen with mtime 1686106818.0
File C:\Users\gaabs\Dropbox\e_learning_platform\skillup24\skillup24\urls.py first seen with mtime 1722072487.8721747
File C:\Users\gaabs\Dropbox\e_learning_platform\new_env\Lib\site-packages\django\forms\fields.py first seen with mtime 1722072398.1220398
File C:\Users\gaabs\Dropbox\e_learning_platform\new_env\Lib\site-packages\django\utils\dateformat.py first seen with mtime 1722072398.7376308
File C:\Users\gaabs\Dropbox\e_learning_platform\new_env\Lib\site-packages\django\db\backends\ddl_references.py first seen with mtime 1722072397.6436963
File C:\Users\gaabs\Dropbox\e_learning_platform\new_env\Lib\site-packages\django\db\models\functions\mixins.py first seen with mtime 1722072398.0760057
File C:\Users\gaabs\Dropbox\e_learning_platform\new_env\Lib\site-packages\django\conf\locale\__init__.py first seen with mtime 1722072381.085498
File C:\Program Files\Python311\Lib\asyncio\tasks.py first seen with mtime 1686106818.0
File C:\Users\gaabs\Dropbox\e_learning_platform\new_env\Lib\site-packages\django\contrib\admin\templatetags\base.py first seen with mtime 1722072386.5289638
File C:\Users\gaabs\Dropbox\e_learning_platform\new_env\Lib\site-packages\django\db\migrations\exceptions.py first seen with mtime 1722072397.8328395
File C:\Users\gaabs\Dropbox\e_learning_platform\new_env\Lib\site-packages\django\utils\lorem_ipsum.py first seen with mtime 1722072398.8046315
File C:\Users\gaabs\Dropbox\e_learning_platform\new_env\Lib\site-packages\django\contrib\admin\templatetags\admin_urls.py first seen with mtime 1722072386.5259638
File C:\Program Files\Python311\Lib\shutil.py first seen with mtime 1686106818.0
File C:\Users\gaabs\Dropbox\e_learning_platform\new_env\Lib\site-packages\django\http\cookie.py first seen with mtime 1722072398.5019073
File C:\Users\gaabs\Dropbox\e_learning_platform\new_env\Lib\site-packages\django\template\loader.py first seen with mtime 1722072398.5744746
File C:\Program Files\Python311\Lib\asyncio\futures.py first seen with mtime 1686106818.0
File C:\Program Files\Python311\Lib\asyncio\protocols.py first seen with mtime 1686106818.0
File C:\Users\gaabs\Dropbox\e_learning_platform\new_env\Lib\site-packages\django\core\mail\utils.py first seen with mtime 1722072397.44154
File C:\Program Files\Python311\Lib\asyncio\sslproto.py first seen with mtime 1686106818.0
File C:\Users\gaabs\Dropbox\e_learning_platform\new_env\Lib\site-packages\django\db\backends\signals.py first seen with mtime 1722072397.6456928
File C:\Users\gaabs\Dropbox\e_learning_platform\new_env\Lib\site-packages\django\db\models\deletion.py first seen with mtime 1722072397.9554276
File C:\Program Files\Python311\Lib\asyncio\mixins.py first seen with mtime 1686106818.0
File C:\Users\gaabs\Dropbox\e_learning_platform\new_env\Lib\site-packages\django\db\backends\base\client.py first seen with mtime 1722072397.661688
File C:\Users\gaabs\Dropbox\e_learning_platform\new_env\Lib\site-packages\django\db\backends\base\__init__.py first seen with mtime 1722072397.6506908
File C:\Users\gaabs\Dropbox\e_learning_platform\new_env\Lib\site-packages\django\utils\safestring.py first seen with mtime 1722072398.8351965
File C:\Users\gaabs\Dropbox\e_learning_platform\new_env\Lib\site-packages\django\utils\termcolors.py first seen with mtime 1722072398.8391986
File C:\Users\gaabs\Dropbox\e_learning_platform\new_env\Lib\site-packages\django\utils\numberformat.py first seen with mtime 1722072398.8106296
File C:\Program Files\Python311\Lib\re\_constants.py first seen with mtime 1686106818.0
File C:\Program Files\Python311\Lib\difflib.py first seen with mtime 1686106818.0
File C:\Program Files\Python311\DLLs\_bz2.pyd first seen with mtime 1686106896.0
File C:\Program Files\Python311\Lib\statistics.py first seen with mtime 1686106818.0
File C:\Users\gaabs\Dropbox\e_learning_platform\new_env\Lib\site-packages\django\contrib\messages\storage\base.py first seen with mtime 1722072393.2636104
File C:\Program Files\Python311\Lib\email\__init__.py first seen with mtime 1686106818.0
File C:\Program Files\Python311\Lib\email\header.py first seen with mtime 1686106818.0
File C:\Users\gaabs\Dropbox\e_learning_platform\new_env\Lib\site-packages\django\contrib\auth\checks.py first seen with mtime 1722072387.769357
File C:\Program Files\Python311\Lib\email\base64mime.py first seen with mtime 1686106818.0
File C:\Users\gaabs\Dropbox\e_learning_platform\new_env\Lib\site-packages\django\core\signing.py first seen with mtime 1722072397.2513893
File C:\Program Files\Python311\Lib\asyncio\exceptions.py first seen with mtime 1686106818.0
File C:\Users\gaabs\Dropbox\e_learning_platform\new_env\Lib\site-packages\django\db\models\lookups.py first seen with mtime 1722072397.9674315
File C:\Program Files\Python311\Lib\zoneinfo\_tzpath.py first seen with mtime 1686106818.0
File C:\Users\gaabs\Dropbox\e_learning_platform\new_env\Lib\site-packages\django\contrib\admin\exceptions.py first seen with mtime 1722072383.201401
File C:\Program Files\Python311\Lib\types.py first seen with mtime 1686106818.0
File C:\Users\gaabs\Dropbox\e_learning_platform\new_env\Lib\site-packages\django\db\models\fields\__init__.py first seen with mtime 1722072398.0234425
File C:\Program Files\Python311\Lib\base64.py first seen with mtime 1686106818.0
File C:\Users\gaabs\Dropbox\e_learning_platform\new_env\Lib\site-packages\django\db\models\fields\related.py first seen with mtime 1722072398.0410132
File C:\Users\gaabs\Dropbox\e_learning_platform\new_env\Lib\site-packages\django\utils\hashable.py first seen with mtime 1722072398.7766304
File C:\Users\gaabs\Dropbox\e_learning_platform\new_env\Lib\site-packages\django\utils\timezone.py first seen with mtime 1722072398.851204
File C:\Users\gaabs\Dropbox\e_learning_platform\new_env\Lib\site-packages\django\db\backends\sqlite3\operations.py first seen with mtime 1722072397.8172803
File C:\Users\gaabs\Dropbox\e_learning_platform\new_env\Lib\site-packages\django\template\autoreload.py first seen with mtime 1722072398.5464718
File C:\Users\gaabs\Dropbox\e_learning_platform\new_env\Lib\site-packages\sqlparse\engine\__init__.py first seen with mtime 1722072377.928187
File C:\Users\gaabs\Dropbox\e_learning_platform\new_env\Lib\site-packages\django\db\models\functions\window.py first seen with mtime 1722072398.0810065
File C:\Program Files\Python311\Lib\urllib\response.py first seen with mtime 1686106818.0
File C:\Users\gaabs\Dropbox\e_learning_platform\new_env\Lib\site-packages\django\http\multipartparser.py first seen with mtime 1722072398.5049112
File C:\Program Files\Python311\Lib\concurrent\__init__.py first seen with mtime 1686106818.0
File C:\Users\gaabs\Dropbox\e_learning_platform\new_env\Lib\site-packages\django\utils\regex_helper.py first seen with mtime 1722072398.8136513
File C:\Users\gaabs\Dropbox\e_learning_platform\new_env\Lib\site-packages\django\contrib\messages\constants.py first seen with mtime 1722072393.2316031
File C:\Program Files\Python311\Lib\wsgiref\simple_server.py first seen with mtime 1686106818.0
File C:\Users\gaabs\Dropbox\e_learning_platform\new_env\Lib\site-packages\django\db\backends\base\features.py first seen with mtime 1722072397.6666899
File C:\Program Files\Python311\DLLs\_sqlite3.pyd first seen with mtime 1686106894.0
File C:\Users\gaabs\Dropbox\e_learning_platform\new_env\Lib\site-packages\django\utils\crypto.py first seen with mtime 1722072398.7286355
File C:\Users\gaabs\Dropbox\e_learning_platform\new_env\Lib\site-packages\django\core\checks\security\base.py first seen with mtime 1722072397.3569627
File C:\Program Files\Python311\Lib\email\mime\multipart.py first seen with mtime 1686106818.0
File C:\Users\gaabs\Dropbox\e_learning_platform\new_env\Lib\site-packages\django\views\generic\list.py first seen with mtime 1722072398.9567764
File C:\Users\gaabs\Dropbox\e_learning_platform\new_env\Lib\site-packages\django\contrib\auth\forms.py first seen with mtime 1722072387.7813525
File C:\Users\gaabs\Dropbox\e_learning_platform\new_env\Lib\site-packages\django\contrib\sessions\models.py first seen with mtime 1722072395.2051475
File C:\Users\gaabs\Dropbox\e_learning_platform\new_env\Lib\site-packages\sqlparse\formatter.py first seen with mtime 1722072377.750052
File C:\Program Files\Python311\Lib\re\_parser.py first seen with mtime 1686106818.0
File C:\Users\gaabs\Dropbox\e_learning_platform\new_env\Lib\site-packages\django\http\request.py first seen with mtime 1722072398.5079134
File C:\Program Files\Python311\Lib\multiprocessing\__init__.py first seen with mtime 1686106818.0
File C:\Users\gaabs\Dropbox\e_learning_platform\new_env\Lib\site-packages\django\db\models\__init__.py first seen with mtime 1722072397.9118454
File C:\Users\gaabs\Dropbox\e_learning_platform\new_env\Lib\site-packages\django\utils\inspect.py first seen with mtime 1722072398.7906325
File C:\Users\gaabs\Dropbox\e_learning_platform\new_env\Lib\site-packages\django\utils\dates.py first seen with mtime 1722072398.7466307
File C:\Users\gaabs\Dropbox\e_learning_platform\new_env\Lib\site-packages\django\core\servers\__init__.py first seen with mtime 1722072397.625123
File C:\Users\gaabs\Dropbox\e_learning_platform\new_env\Lib\site-packages\django\template\loaders\cached.py first seen with mtime 1722072398.628026
File C:\Users\gaabs\Dropbox\e_learning_platform\new_env\Lib\site-packages\django\contrib\auth\hashers.py first seen with mtime 1722072387.7843578
File C:\Users\gaabs\Dropbox\e_learning_platform\new_env\Lib\site-packages\django\db\models\functions\math.py first seen with mtime 1722072398.072005
File C:\Program Files\Python311\Lib\sysconfig.py first seen with mtime 1686106818.0
File C:\Program Files\Python311\Lib\email\mime\text.py first seen with mtime 1686106818.0
File C:\Users\gaabs\Dropbox\e_learning_platform\new_env\Lib\site-packages\django\conf\__init__.py first seen with mtime 1722072380.8507872
File C:\Users\gaabs\Dropbox\e_learning_platform\new_env\Lib\site-packages\django\db\models\fields\related_lookups.py first seen with mtime 1722072398.0469997
File C:\Users\gaabs\Dropbox\e_learning_platform\new_env\Lib\site-packages\django\contrib\auth\tokens.py first seen with mtime 1722072387.8199441
File C:\Users\gaabs\Dropbox\e_learning_platform\new_env\Lib\site-packages\sqlparse\keywords.py first seen with mtime 1722072377.7520494
File C:\Users\gaabs\Dropbox\e_learning_platform\new_env\Lib\site-packages\django\core\signals.py first seen with mtime 1722072397.24939
File C:\Program Files\Python311\DLLs\_hashlib.pyd first seen with mtime 1686106894.0
File C:\Program Files\Python311\Lib\email\feedparser.py first seen with mtime 1686106818.0
File C:\Users\gaabs\Dropbox\e_learning_platform\new_env\Lib\site-packages\sqlparse\exceptions.py first seen with mtime 1722072377.7470489
File C:\Users\gaabs\Dropbox\e_learning_platform\new_env\Lib\site-packages\django\core\servers\basehttp.py first seen with mtime 1722072397.6286938
File C:\Program Files\Python311\Lib\hashlib.py first seen with mtime 1686106818.0
File C:\Users\gaabs\Dropbox\e_learning_platform\new_env\Lib\site-packages\django\contrib\staticfiles\management\__init__.py first seen with mtime 1722072397.185815
File C:\Program Files\Python311\Lib\operator.py first seen with mtime 1686106818.0
File C:\Users\gaabs\Dropbox\e_learning_platform\new_env\Lib\site-packages\django\db\backends\base\validation.py first seen with mtime 1722072397.6776829
File C:\Users\gaabs\Dropbox\e_learning_platform\new_env\Lib\site-packages\django\db\backends\sqlite3\_functions.py first seen with mtime 1722072397.7992585
File C:\Users\gaabs\Dropbox\e_learning_platform\new_env\Lib\site-packages\django\contrib\admin\models.py first seen with mtime 1722072383.2124002
File C:\Users\gaabs\Dropbox\e_learning_platform\new_env\Lib\site-packages\django\core\management\commands\__init__.py first seen with mtime 1722072397.5005465
File C:\Users\gaabs\Dropbox\e_learning_platform\new_env\Lib\site-packages\django\db\models\fields\json.py first seen with mtime 1722072398.0320063
File C:\Users\gaabs\Dropbox\e_learning_platform\new_env\Lib\site-packages\django\contrib\admin\templatetags\admin_modify.py first seen with mtime 1722072386.5199647
File C:\Users\gaabs\Dropbox\e_learning_platform\new_env\Lib\site-packages\sqlparse\filters\others.py first seen with mtime 1722072377.946185
File C:\Program Files\Python311\Lib\zoneinfo\__init__.py first seen with mtime 1686106818.0
File C:\Users\gaabs\Dropbox\e_learning_platform\new_env\Lib\site-packages\django\contrib\sites\shortcuts.py first seen with mtime 1722072396.181506
File C:\Users\gaabs\Dropbox\e_learning_platform\new_env\Lib\site-packages\django\templatetags\static.py first seen with mtime 1722072398.64705
File C:\Users\gaabs\Dropbox\e_learning_platform\new_env\Lib\site-packages\sqlparse\engine\grouping.py first seen with mtime 1722072377.9341798
File C:\Users\gaabs\Dropbox\e_learning_platform\new_env\Lib\site-packages\django\core\files\storage\mixins.py first seen with mtime 1722072397.4079647
File C:\Program Files\Python311\Lib\tokenize.py first seen with mtime 1686106818.0
File C:\Users\gaabs\Dropbox\e_learning_platform\new_env\Lib\site-packages\django\core\files\temp.py first seen with mtime 1722072397.3829675
File C:\Users\gaabs\Dropbox\e_learning_platform\new_env\Lib\site-packages\django\db\models\aggregates.py first seen with mtime 1722072397.914873
File C:\Users\gaabs\Dropbox\e_learning_platform\new_env\Lib\site-packages\django\db\migrations\operations\base.py first seen with mtime 1722072397.8998299
File C:\Users\gaabs\Dropbox\e_learning_platform\new_env\Lib\site-packages\django\utils\functional.py first seen with mtime 1722072398.7716272
File C:\Users\gaabs\Dropbox\e_learning_platform\new_env\Lib\site-packages\django\core\checks\compatibility\django_4_0.py first seen with mtime 1722072397.3479655
File C:\Users\gaabs\Dropbox\e_learning_platform\new_env\Lib\site-packages\django\core\files\locks.py first seen with mtime 1722072397.3779645
File C:\Users\gaabs\Dropbox\e_learning_platform\new_env\Lib\site-packages\sqlparse\filters\aligned_indent.py first seen with mtime 1722072377.94418
File C:\Users\gaabs\Dropbox\e_learning_platform\new_env\Lib\site-packages\django\db\models\functions\comparison.py first seen with mtime 1722072398.0620055
File C:\Users\gaabs\Dropbox\e_learning_platform\skillup24\skillup24\__init__.py first seen with mtime 1722072487.9717386
File C:\Program Files\Python311\Lib\html\entities.py first seen with mtime 1686106818.0
File C:\Users\gaabs\Dropbox\e_learning_platform\new_env\Lib\site-packages\django\urls\exceptions.py first seen with mtime 1722072398.689057
File C:\Program Files\Python311\Lib\struct.py first seen with mtime 1686106818.0
File C:\Users\gaabs\Dropbox\e_learning_platform\new_env\Lib\site-packages\django\middleware\clickjacking.py first seen with mtime 1722072398.5169272
File C:\Program Files\Python311\Lib\stringprep.py first seen with mtime 1686106818.0
File C:\Users\gaabs\Dropbox\e_learning_platform\new_env\Lib\site-packages\whitenoise\string_utils.py first seen with mtime 1722080110.0066442
File C:\Users\gaabs\Dropbox\e_learning_platform\new_env\Lib\site-packages\django\db\migrations\recorder.py first seen with mtime 1722072397.8828309
File C:\Users\gaabs\Dropbox\e_learning_platform\new_env\Lib\site-packages\django\db\migrations\loader.py first seen with mtime 1722072397.8428302
File C:\Users\gaabs\Dropbox\e_learning_platform\new_env\Lib\site-packages\django\contrib\auth\migrations\0006_require_contenttypes_0002.py first seen with mtime 1722072388.8911614
File C:\Users\gaabs\Dropbox\e_learning_platform\new_env\Lib\site-packages\django\contrib\auth\migrations\0012_alter_user_first_name_max_length.py first seen with mtime 1722072388.912176
File C:\Users\gaabs\Dropbox\e_learning_platform\new_env\Lib\site-packages\django\contrib\sessions\middleware.py first seen with mtime 1722072395.2021413
File C:\Users\gaabs\Dropbox\e_learning_platform\new_env\Lib\site-packages\whitenoise\middleware.py first seen with mtime 1722080109.992096
File C:\Users\gaabs\Dropbox\e_learning_platform\new_env\Lib\site-packages\whitenoise\storage.py first seen with mtime 1722080110.004637
File C:\Users\gaabs\Dropbox\e_learning_platform\new_env\Lib\site-packages\django\contrib\auth\migrations\0002_alter_permission_name_max_length.py first seen with mtime 1722072388.8701544
File C:\Users\gaabs\Dropbox\e_learning_platform\new_env\Lib\site-packages\django\contrib\contenttypes\migrations\__init__.py first seen with mtime 1722072389.791901
File C:\Users\gaabs\Dropbox\e_learning_platform\new_env\Lib\site-packages\django\contrib\auth\migrations\0001_initial.py first seen with mtime 1722072388.8661444
File C:\Users\gaabs\Dropbox\e_learning_platform\new_env\Lib\site-packages\django\contrib\auth\migrations\0008_alter_user_username_max_length.py first seen with mtime 1722072388.8981483
File C:\Users\gaabs\Dropbox\e_learning_platform\new_env\Lib\site-packages\django\contrib\auth\migrations\0003_alter_user_email_max_length.py first seen with mtime 1722072388.8821483
File C:\Users\gaabs\Dropbox\e_learning_platform\new_env\Lib\site-packages\django\contrib\admin\migrations\__init__.py first seen with mtime 1722072385.5107305
File C:\Users\gaabs\Dropbox\e_learning_platform\new_env\Lib\site-packages\django\contrib\sessions\backends\__init__.py first seen with mtime 1722072395.209141
File C:\Users\gaabs\Dropbox\e_learning_platform\new_env\Lib\site-packages\django\contrib\contenttypes\migrations\0002_remove_content_type_name.py first seen with mtime 1722072389.7898939
File C:\Users\gaabs\Dropbox\e_learning_platform\new_env\Lib\site-packages\django\db\migrations\graph.py first seen with mtime 1722072397.8398347
File C:\Users\gaabs\Dropbox\e_learning_platform\new_env\Lib\site-packages\whitenoise\base.py first seen with mtime 1722080109.975792
File C:\Users\gaabs\Dropbox\e_learning_platform\new_env\Lib\site-packages\whitenoise\compress.py first seen with mtime 1722080109.9880755
File C:\Users\gaabs\Dropbox\e_learning_platform\new_env\Lib\site-packages\django\contrib\auth\migrations\__init__.py first seen with mtime 1722072388.913178
File C:\Program Files\Python311\Lib\encodings\idna.py first seen with mtime 1686106818.0
File C:\Users\gaabs\Dropbox\e_learning_platform\new_env\Lib\site-packages\django\contrib\auth\migrations\0005_alter_user_last_login_null.py first seen with mtime 1722072388.888151
File C:\Users\gaabs\Dropbox\e_learning_platform\new_env\Lib\site-packages\django\middleware\security.py first seen with mtime 1722072398.5304697
File C:\Users\gaabs\Dropbox\e_learning_platform\new_env\Lib\site-packages\django\db\models\sql\compiler.py first seen with mtime 1722072398.08701
File C:\Users\gaabs\Dropbox\e_learning_platform\new_env\Lib\site-packages\django\contrib\auth\migrations\0010_alter_group_name_max_length.py first seen with mtime 1722072388.9071853
File C:\Program Files\Python311\Lib\__future__.py first seen with mtime 1686106818.0
File C:\Users\gaabs\Dropbox\e_learning_platform\new_env\Lib\site-packages\django\contrib\sessions\migrations\0001_initial.py first seen with mtime 1722072396.1405141
File C:\Users\gaabs\Dropbox\e_learning_platform\new_env\Lib\site-packages\django\contrib\auth\migrations\0009_alter_user_last_name_max_length.py first seen with mtime 1722072388.9021614
File C:\Users\gaabs\Dropbox\e_learning_platform\new_env\Lib\site-packages\django\contrib\sessions\backends\db.py first seen with mtime 1722072395.2191715
File C:\Users\gaabs\Dropbox\e_learning_platform\new_env\Lib\site-packages\django\db\migrations\executor.py first seen with mtime 1722072397.83684
File C:\Users\gaabs\Dropbox\e_learning_platform\new_env\Lib\site-packages\django\contrib\messages\middleware.py first seen with mtime 1722072393.251606
File C:\Users\gaabs\Dropbox\e_learning_platform\new_env\Lib\site-packages\whitenoise\__init__.py first seen with mtime 1722080109.9737835
File C:\Users\gaabs\Dropbox\e_learning_platform\new_env\Lib\site-packages\django\contrib\staticfiles\storage.py first seen with mtime 1722072397.1718202
File C:\Users\gaabs\Dropbox\e_learning_platform\new_env\Lib\site-packages\whitenoise\responders.py first seen with mtime 1722080110.0010948
File C:\Users\gaabs\Dropbox\e_learning_platform\new_env\Lib\site-packages\django\contrib\admin\migrations\0001_initial.py first seen with mtime 1722072385.5037339
File C:\Users\gaabs\Dropbox\e_learning_platform\new_env\Lib\site-packages\django\contrib\admin\migrations\0003_logentry_add_action_flag_choices.py first seen with mtime 1722072385.5097287
File C:\Users\gaabs\Dropbox\e_learning_platform\new_env\Lib\site-packages\django\contrib\admin\migrations\0002_logentry_remove_auto_add.py first seen with mtime 1722072385.5067408
File C:\Users\gaabs\Dropbox\e_learning_platform\new_env\Lib\site-packages\django\contrib\auth\migrations\0011_update_proxy_permissions.py first seen with mtime 1722072388.9101784
File C:\Users\gaabs\Dropbox\e_learning_platform\new_env\Lib\site-packages\django\contrib\sessions\exceptions.py first seen with mtime 1722072395.2001464
File C:\Users\gaabs\Dropbox\e_learning_platform\new_env\Lib\site-packages\django\contrib\sessions\backends\base.py first seen with mtime 1722072395.2121713
File C:\Users\gaabs\Dropbox\e_learning_platform\new_env\Lib\site-packages\whitenoise\media_types.py first seen with mtime 1722080109.990095
File C:\Users\gaabs\Dropbox\e_learning_platform\new_env\Lib\site-packages\django\contrib\sessions\migrations\__init__.py first seen with mtime 1722072396.142517
File C:\Users\gaabs\Dropbox\e_learning_platform\new_env\Lib\site-packages\django\middleware\common.py first seen with mtime 1722072398.518928
File C:\Users\gaabs\Dropbox\e_learning_platform\new_env\Lib\site-packages\django\contrib\auth\migrations\0004_alter_user_username_opts.py first seen with mtime 1722072388.8841531
File C:\Users\gaabs\Dropbox\e_learning_platform\new_env\Lib\site-packages\django\contrib\auth\migrations\0007_alter_validators_add_error_messages.py first seen with mtime 1722072388.8951497
File C:\Users\gaabs\Dropbox\e_learning_platform\skillup24\skillup24\wsgi.py first seen with mtime 1722075836.1033745
File C:\Users\gaabs\Dropbox\e_learning_platform\new_env\Lib\site-packages\django\contrib\contenttypes\migrations\0001_initial.py first seen with mtime 1722072389.786894
Not Found: /
"GET / HTTP/1.1" 404 179
File C:\Users\gaabs\Dropbox\e_learning_platform\new_env\Lib\site-packages\django\contrib\messages\storage\session.py first seen with mtime 1722072393.2716098
File C:\Users\gaabs\Dropbox\e_learning_platform\new_env\Lib\site-packages\django\contrib\messages\storage\fallback.py first seen with mtime 1722072393.2686083
File C:\Users\gaabs\Dropbox\e_learning_platform\new_env\Lib\site-packages\django\contrib\sessions\serializers.py first seen with mtime 1722072395.2071443
File C:\Users\gaabs\Dropbox\e_learning_platform\new_env\Lib\site-packages\django\contrib\messages\storage\cookie.py first seen with mtime 1722072393.2666066
